2026-03-06 04:52:36: [retrieval_preprocessing] starting retrieval preprocessing for base_image
2026-03-06 04:52:43: [retrieval_preprocessing] concatenated all embeddings and indices for 42 episodes for libero_collected_demos_training/pick_up_the_tomato_sauce_and_place_it_in_the_basket [chosen_id count 0/32]
2026-03-06 04:52:43: [retrieval_preprocessing] we have num_total=6097 embedding_dim=49152
[retrieval_preprocessing] for episode 100000 [episode count 0/42], we have num_retrieval=np.int64(5957) num_query=np.int64(140)
2026-03-06 04:54:14: [retrieval_preprocessing] calculating distances ...
2026-03-06 04:54:15: [retrieval_preprocessing] finished and saved retrieval indices for episode 100000 [episode count 0/42]
[retrieval_preprocessing] for episode 100001 [episode count 1/42], we have num_retrieval=np.int64(5964) num_query=np.int64(133)
2026-03-06 04:55:46: [retrieval_preprocessing] calculating distances ...
2026-03-06 04:55:46: [retrieval_preprocessing] finished and saved retrieval indices for episode 100001 [episode count 1/42]
[retrieval_preprocessing] for episode 100002 [episode count 2/42], we have num_retrieval=np.int64(5937) num_query=np.int64(160)
2026-03-06 04:57:16: [retrieval_preprocessing] calculating distances ...
2026-03-06 04:57:16: [retrieval_preprocessing] finished and saved retrieval indices for episode 100002 [episode count 2/42]
[retrieval_preprocessing] for episode 100003 [episode count 3/42], we have num_retrieval=np.int64(5968) num_query=np.int64(129)
2026-03-06 04:58:49: [retrieval_preprocessing] calculating distances ...
2026-03-06 04:58:49: [retrieval_preprocessing] finished and saved retrieval indices for episode 100003 [episode count 3/42]
[retrieval_preprocessing] for episode 100004 [episode count 4/42], we have num_retrieval=np.int64(5917) num_query=np.int64(180)
2026-03-06 05:00:20: [retrieval_preprocessing] calculating distances ...
2026-03-06 05:00:21: [retrieval_preprocessing] finished and saved retrieval indices for episode 100004 [episode count 4/42]
[retrieval_preprocessing] for episode 100005 [episode count 5/42], we have num_retrieval=np.int64(5961) num_query=np.int64(136)
2026-03-06 05:01:54: [retrieval_preprocessing] calculating distances ...
2026-03-06 05:01:54: [retrieval_preprocessing] finished and saved retrieval indices for episode 100005 [episode count 5/42]
[retrieval_preprocessing] for episode 100006 [episode count 6/42], we have num_retrieval=np.int64(5965) num_query=np.int64(132)
2026-03-06 05:03:27: [retrieval_preprocessing] calculating distances ...
2026-03-06 05:03:28: [retrieval_preprocessing] finished and saved retrieval indices for episode 100006 [episode count 6/42]
[retrieval_preprocessing] for episode 100007 [episode count 7/42], we have num_retrieval=np.int64(5962) num_query=np.int64(135)
2026-03-06 05:05:00: [retrieval_preprocessing] calculating distances ...
2026-03-06 05:05:01: [retrieval_preprocessing] finished and saved retrieval indices for episode 100007 [episode count 7/42]
[retrieval_preprocessing] for episode 100008 [episode count 8/42], we have num_retrieval=np.int64(5920) num_query=np.int64(177)
2026-03-06 05:06:32: [retrieval_preprocessing] calculating distances ...
2026-03-06 05:06:33: [retrieval_preprocessing] finished and saved retrieval indices for episode 100008 [episode count 8/42]
[retrieval_preprocessing] for episode 100009 [episode count 9/42], we have num_retrieval=np.int64(5964) num_query=np.int64(133)
2026-03-06 05:08:05: [retrieval_preprocessing] calculating distances ...
2026-03-06 05:08:06: [retrieval_preprocessing] finished and saved retrieval indices for episode 100009 [episode count 9/42]
[retrieval_preprocessing] for episode 100010 [episode count 10/42], we have num_retrieval=np.int64(5947) num_query=np.int64(150)
2026-03-06 05:09:37: [retrieval_preprocessing] calculating distances ...
2026-03-06 05:09:38: [retrieval_preprocessing] finished and saved retrieval indices for episode 100010 [episode count 10/42]
[retrieval_preprocessing] for episode 100011 [episode count 11/42], we have num_retrieval=np.int64(5955) num_query=np.int64(142)
2026-03-06 05:11:10: [retrieval_preprocessing] calculating distances ...
2026-03-06 05:11:10: [retrieval_preprocessing] finished and saved retrieval indices for episode 100011 [episode count 11/42]
[retrieval_preprocessing] for episode 100012 [episode count 12/42], we have num_retrieval=np.int64(5962) num_query=np.int64(135)
2026-03-06 05:12:42: [retrieval_preprocessing] calculating distances ...
2026-03-06 05:12:43: [retrieval_preprocessing] finished and saved retrieval indices for episode 100012 [episode count 12/42]
[retrieval_preprocessing] for episode 100013 [episode count 13/42], we have num_retrieval=np.int64(5941) num_query=np.int64(156)
2026-03-06 05:14:14: [retrieval_preprocessing] calculating distances ...
2026-03-06 05:14:15: [retrieval_preprocessing] finished and saved retrieval indices for episode 100013 [episode count 13/42]
[retrieval_preprocessing] for episode 100014 [episode count 14/42], we have num_retrieval=np.int64(5922) num_query=np.int64(175)
2026-03-06 05:15:45: [retrieval_preprocessing] calculating distances ...
2026-03-06 05:15:45: [retrieval_preprocessing] finished and saved retrieval indices for episode 100014 [episode count 14/42]
[retrieval_preprocessing] for episode 100015 [episode count 15/42], we have num_retrieval=np.int64(5949) num_query=np.int64(148)
2026-03-06 05:17:13: [retrieval_preprocessing] calculating distances ...
2026-03-06 05:17:13: [retrieval_preprocessing] finished and saved retrieval indices for episode 100015 [episode count 15/42]
[retrieval_preprocessing] for episode 100016 [episode count 16/42], we have num_retrieval=np.int64(5948) num_query=np.int64(149)
2026-03-06 05:18:41: [retrieval_preprocessing] calculating distances ...
2026-03-06 05:18:42: [retrieval_preprocessing] finished and saved retrieval indices for episode 100016 [episode count 16/42]
[retrieval_preprocessing] for episode 100017 [episode count 17/42], we have num_retrieval=np.int64(5932) num_query=np.int64(165)
2026-03-06 05:20:10: [retrieval_preprocessing] calculating distances ...
2026-03-06 05:20:11: [retrieval_preprocessing] finished and saved retrieval indices for episode 100017 [episode count 17/42]
[retrieval_preprocessing] for episode 100018 [episode count 18/42], we have num_retrieval=np.int64(5940) num_query=np.int64(157)
2026-03-06 05:21:40: [retrieval_preprocessing] calculating distances ...
2026-03-06 05:21:40: [retrieval_preprocessing] finished and saved retrieval indices for episode 100018 [episode count 18/42]
[retrieval_preprocessing] for episode 100019 [episode count 19/42], we have num_retrieval=np.int64(5952) num_query=np.int64(145)
2026-03-06 05:23:08: [retrieval_preprocessing] calculating distances ...
2026-03-06 05:23:09: [retrieval_preprocessing] finished and saved retrieval indices for episode 100019 [episode count 19/42]
[retrieval_preprocessing] for episode 100020 [episode count 20/42], we have num_retrieval=np.int64(5960) num_query=np.int64(137)
2026-03-06 05:24:36: [retrieval_preprocessing] calculating distances ...
2026-03-06 05:24:37: [retrieval_preprocessing] finished and saved retrieval indices for episode 100020 [episode count 20/42]
[retrieval_preprocessing] for episode 100021 [episode count 21/42], we have num_retrieval=np.int64(5967) num_query=np.int64(130)
2026-03-06 05:26:03: [retrieval_preprocessing] calculating distances ...
2026-03-06 05:26:04: [retrieval_preprocessing] finished and saved retrieval indices for episode 100021 [episode count 21/42]
[retrieval_preprocessing] for episode 100022 [episode count 22/42], we have num_retrieval=np.int64(5964) num_query=np.int64(133)
2026-03-06 05:27:30: [retrieval_preprocessing] calculating distances ...
2026-03-06 05:27:31: [retrieval_preprocessing] finished and saved retrieval indices for episode 100022 [episode count 22/42]
[retrieval_preprocessing] for episode 100023 [episode count 23/42], we have num_retrieval=np.int64(5914) num_query=np.int64(183)
2026-03-06 05:28:58: [retrieval_preprocessing] calculating distances ...
2026-03-06 05:28:59: [retrieval_preprocessing] finished and saved retrieval indices for episode 100023 [episode count 23/42]
[retrieval_preprocessing] for episode 100024 [episode count 24/42], we have num_retrieval=np.int64(5966) num_query=np.int64(131)
2026-03-06 05:30:26: [retrieval_preprocessing] calculating distances ...
2026-03-06 05:30:27: [retrieval_preprocessing] finished and saved retrieval indices for episode 100024 [episode count 24/42]
[retrieval_preprocessing] for episode 100025 [episode count 25/42], we have num_retrieval=np.int64(5950) num_query=np.int64(147)
2026-03-06 05:31:53: [retrieval_preprocessing] calculating distances ...
2026-03-06 05:31:53: [retrieval_preprocessing] finished and saved retrieval indices for episode 100025 [episode count 25/42]
[retrieval_preprocessing] for episode 100026 [episode count 26/42], we have num_retrieval=np.int64(5970) num_query=np.int64(127)
2026-03-06 05:33:18: [retrieval_preprocessing] calculating distances ...
2026-03-06 05:33:19: [retrieval_preprocessing] finished and saved retrieval indices for episode 100026 [episode count 26/42]
[retrieval_preprocessing] for episode 100027 [episode count 27/42], we have num_retrieval=np.int64(5977) num_query=np.int64(120)
2026-03-06 05:34:44: [retrieval_preprocessing] calculating distances ...
2026-03-06 05:34:45: [retrieval_preprocessing] finished and saved retrieval indices for episode 100027 [episode count 27/42]
[retrieval_preprocessing] for episode 100028 [episode count 28/42], we have num_retrieval=np.int64(5965) num_query=np.int64(132)
2026-03-06 05:36:10: [retrieval_preprocessing] calculating distances ...
2026-03-06 05:36:10: [retrieval_preprocessing] finished and saved retrieval indices for episode 100028 [episode count 28/42]
[retrieval_preprocessing] for episode 100029 [episode count 29/42], we have num_retrieval=np.int64(5967) num_query=np.int64(130)
2026-03-06 05:37:35: [retrieval_preprocessing] calculating distances ...
2026-03-06 05:37:35: [retrieval_preprocessing] finished and saved retrieval indices for episode 100029 [episode count 29/42]
[retrieval_preprocessing] for episode 100030 [episode count 30/42], we have num_retrieval=np.int64(5961) num_query=np.int64(136)
2026-03-06 05:39:00: [retrieval_preprocessing] calculating distances ...
2026-03-06 05:39:01: [retrieval_preprocessing] finished and saved retrieval indices for episode 100030 [episode count 30/42]
[retrieval_preprocessing] for episode 100031 [episode count 31/42], we have num_retrieval=np.int64(5940) num_query=np.int64(157)
2026-03-06 05:40:25: [retrieval_preprocessing] calculating distances ...
2026-03-06 05:40:26: [retrieval_preprocessing] finished and saved retrieval indices for episode 100031 [episode count 31/42]
[retrieval_preprocessing] for episode 100032 [episode count 32/42], we have num_retrieval=np.int64(5960) num_query=np.int64(137)
2026-03-06 05:41:50: [retrieval_preprocessing] calculating distances ...
2026-03-06 05:41:50: [retrieval_preprocessing] finished and saved retrieval indices for episode 100032 [episode count 32/42]
[retrieval_preprocessing] for episode 100033 [episode count 33/42], we have num_retrieval=np.int64(5961) num_query=np.int64(136)
2026-03-06 05:43:14: [retrieval_preprocessing] calculating distances ...
2026-03-06 05:43:14: [retrieval_preprocessing] finished and saved retrieval indices for episode 100033 [episode count 33/42]
[retrieval_preprocessing] for episode 100034 [episode count 34/42], we have num_retrieval=np.int64(5955) num_query=np.int64(142)
2026-03-06 05:44:37: [retrieval_preprocessing] calculating distances ...
2026-03-06 05:44:38: [retrieval_preprocessing] finished and saved retrieval indices for episode 100034 [episode count 34/42]
[retrieval_preprocessing] for episode 100035 [episode count 35/42], we have num_retrieval=np.int64(5936) num_query=np.int64(161)
2026-03-06 05:46:02: [retrieval_preprocessing] calculating distances ...
2026-03-06 05:46:02: [retrieval_preprocessing] finished and saved retrieval indices for episode 100035 [episode count 35/42]
[retrieval_preprocessing] for episode 100036 [episode count 36/42], we have num_retrieval=np.int64(5922) num_query=np.int64(175)
2026-03-06 05:47:26: [retrieval_preprocessing] calculating distances ...
2026-03-06 05:47:27: [retrieval_preprocessing] finished and saved retrieval indices for episode 100036 [episode count 36/42]
[retrieval_preprocessing] for episode 100037 [episode count 37/42], we have num_retrieval=np.int64(5935) num_query=np.int64(162)
2026-03-06 05:48:51: [retrieval_preprocessing] calculating distances ...
2026-03-06 05:48:52: [retrieval_preprocessing] finished and saved retrieval indices for episode 100037 [episode count 37/42]
[retrieval_preprocessing] for episode 100038 [episode count 38/42], we have num_retrieval=np.int64(5964) num_query=np.int64(133)
2026-03-06 05:50:15: [retrieval_preprocessing] calculating distances ...
2026-03-06 05:50:16: [retrieval_preprocessing] finished and saved retrieval indices for episode 100038 [episode count 38/42]
[retrieval_preprocessing] for episode 100039 [episode count 39/42], we have num_retrieval=np.int64(5951) num_query=np.int64(146)
2026-03-06 05:51:40: [retrieval_preprocessing] calculating distances ...
2026-03-06 05:51:40: [retrieval_preprocessing] finished and saved retrieval indices for episode 100039 [episode count 39/42]
[retrieval_preprocessing] for episode 100040 [episode count 40/42], we have num_retrieval=np.int64(5958) num_query=np.int64(139)
2026-03-06 05:53:04: [retrieval_preprocessing] calculating distances ...
2026-03-06 05:53:05: [retrieval_preprocessing] finished and saved retrieval indices for episode 100040 [episode count 40/42]
[retrieval_preprocessing] for episode 100041 [episode count 41/42], we have num_retrieval=np.int64(5971) num_query=np.int64(126)
2026-03-06 05:54:29: [retrieval_preprocessing] calculating distances ...
2026-03-06 05:54:30: [retrieval_preprocessing] finished and saved retrieval indices for episode 100041 [episode count 41/42]
2026-03-06 05:54:30: [retrieval_preprocessing] finished for libero_collected_demos_training/pick_up_the_tomato_sauce_and_place_it_in_the_basket [chosen_id count 0/32]
2026-03-06 05:54:41: [retrieval_preprocessing] concatenated all embeddings and indices for 33 episodes for libero_collected_demos_training/put_both_the_alphabet_soup_and_the_tomato_sauce_in_the_basket [chosen_id count 1/32]
2026-03-06 05:54:41: [retrieval_preprocessing] we have num_total=9571 embedding_dim=49152
[retrieval_preprocessing] for episode 100042 [episode count 0/33], we have num_retrieval=np.int64(9296) num_query=np.int64(275)
2026-03-06 05:56:44: [retrieval_preprocessing] calculating distances ...
2026-03-06 05:56:45: [retrieval_preprocessing] finished and saved retrieval indices for episode 100042 [episode count 0/33]
[retrieval_preprocessing] for episode 100043 [episode count 1/33], we have num_retrieval=np.int64(9312) num_query=np.int64(259)
